<?xml version="1.0" encoding="UTF-8"?>
<testsuites>
    <testsuite name="force.apex" timestamp="2020-12-28T16:41:30-03:00" hostname="https://wise-raccoon-ou18ko-dev-ed.my.salesforce.com" tests="1" failures="1"  errors="0"  time="0.05">
        <properties>
            <property name="outcome" value="Failed"/>
            <property name="testsRan" value="1"/>
            <property name="passing" value="0"/>
            <property name="failing" value="1"/>
            <property name="skipped" value="0"/>
            <property name="passRate" value="0%"/>
            <property name="failRate" value="100%"/>
            <property name="testStartTime" value="Dec 28, 2020 4:41 PM"/>
            <property name="testExecutionTime" value="0.05 s"/>
            <property name="testTotalTime" value="0.05 s"/>
            <property name="commandTime" value="5.18 s"/>
            <property name="hostname" value="https://wise-raccoon-ou18ko-dev-ed.my.salesforce.com"/>
            <property name="orgId" value="00D4x000003yVBXEA2"/>
            <property name="username" value="henrique_nitatori@wise-raccoon-ou18ko.com"/>
            <property name="testRunId" value="7074x000006tucj"/>
            <property name="userId" value="0054x000002LRPdAAO"/>
        </properties>
        <testcase name="givenCheckResponseGeolocationAddressWhenResponseStatusde200ThenReturnListAccount" classname="ResponseGeolocationAddressTest" time="0.05">
            <failure message="System.AssertException: Assertion Failed: Expected: -49.24069129319908, Actual: null"><![CDATA[Class.ResponseGeolocationAddressTest.givenCheckResponseGeolocationAddressWhenResponseStatusde200ThenReturnListAccount: line 14, column 1]]></failure>
        </testcase>
    </testsuite>
</testsuites>
